<?xml version="1.0" encoding="UTF-8"?>
<testng-results skipped="0" failed="0" total="27" passed="27">
  <reporter-output>
  </reporter-output>
  <suite name="ArgiopeMasterSuite" duration-ms="37231" started-at="2017-07-21T17:07:07Z" finished-at="2017-07-21T17:07:44Z">
    <groups>
    </groups>
    <test name="Init-Configuration-Data" duration-ms="8" started-at="2017-07-21T17:07:07Z" finished-at="2017-07-21T17:07:07Z">
    </test> <!-- Init-Configuration-Data -->
    <test name="MasterTest" duration-ms="37178" started-at="2017-07-21T17:07:07Z" finished-at="2017-07-21T17:07:44Z">
      <class name="com.preston.argiope.selenium.tests.user.UserCreate">
        <test-method status="PASS" signature="beforeMethod()[pri:0, instance:com.preston.argiope.selenium.tests.user.UserCreate@2f01783a]" name="beforeMethod" is-config="true" duration-ms="1123" started-at="2017-07-21T10:07:39Z" finished-at="2017-07-21T10:07:40Z">
          <reporter-output>
          </reporter-output>
        </test-method> <!-- beforeMethod -->
        <test-method status="PASS" signature="testExecCreateUserAlreadyExists()[pri:0, instance:com.preston.argiope.selenium.tests.user.UserCreate@2f01783a]" name="testExecCreateUserAlreadyExists" duration-ms="585" started-at="2017-07-21T10:07:40Z" finished-at="2017-07-21T10:07:40Z">
          <reporter-output>
          </reporter-output>
        </test-method> <!-- testExecCreateUserAlreadyExists -->
        <test-method status="PASS" signature="beforeMethod()[pri:0, instance:com.preston.argiope.selenium.tests.user.UserCreate@2f01783a]" name="beforeMethod" is-config="true" duration-ms="122" started-at="2017-07-21T10:07:40Z" finished-at="2017-07-21T10:07:41Z">
          <reporter-output>
          </reporter-output>
        </test-method> <!-- beforeMethod -->
        <test-method status="PASS" signature="testExecCreateUserEmptyFirstName()[pri:0, instance:com.preston.argiope.selenium.tests.user.UserCreate@2f01783a]" name="testExecCreateUserEmptyFirstName" duration-ms="410" started-at="2017-07-21T10:07:41Z" finished-at="2017-07-21T10:07:41Z">
          <reporter-output>
          </reporter-output>
        </test-method> <!-- testExecCreateUserEmptyFirstName -->
        <test-method status="PASS" signature="beforeMethod()[pri:0, instance:com.preston.argiope.selenium.tests.user.UserCreate@2f01783a]" name="beforeMethod" is-config="true" duration-ms="136" started-at="2017-07-21T10:07:41Z" finished-at="2017-07-21T10:07:41Z">
          <reporter-output>
          </reporter-output>
        </test-method> <!-- beforeMethod -->
        <test-method status="PASS" signature="testExecCreateUserEmptyLastName()[pri:0, instance:com.preston.argiope.selenium.tests.user.UserCreate@2f01783a]" name="testExecCreateUserEmptyLastName" duration-ms="393" started-at="2017-07-21T10:07:41Z" finished-at="2017-07-21T10:07:42Z">
          <reporter-output>
          </reporter-output>
        </test-method> <!-- testExecCreateUserEmptyLastName -->
        <test-method status="PASS" signature="beforeMethod()[pri:0, instance:com.preston.argiope.selenium.tests.user.UserCreate@2f01783a]" name="beforeMethod" is-config="true" duration-ms="108" started-at="2017-07-21T10:07:42Z" finished-at="2017-07-21T10:07:42Z">
          <reporter-output>
          </reporter-output>
        </test-method> <!-- beforeMethod -->
        <test-method status="PASS" signature="testExecCreateUserEmptyPassword()[pri:0, instance:com.preston.argiope.selenium.tests.user.UserCreate@2f01783a]" name="testExecCreateUserEmptyPassword" duration-ms="421" started-at="2017-07-21T10:07:42Z" finished-at="2017-07-21T10:07:42Z">
          <reporter-output>
          </reporter-output>
        </test-method> <!-- testExecCreateUserEmptyPassword -->
        <test-method status="PASS" signature="beforeMethod()[pri:0, instance:com.preston.argiope.selenium.tests.user.UserCreate@2f01783a]" name="beforeMethod" is-config="true" duration-ms="112" started-at="2017-07-21T10:07:42Z" finished-at="2017-07-21T10:07:42Z">
          <reporter-output>
          </reporter-output>
        </test-method> <!-- beforeMethod -->
        <test-method status="PASS" signature="testExecCreateUserEmptyUsername()[pri:0, instance:com.preston.argiope.selenium.tests.user.UserCreate@2f01783a]" name="testExecCreateUserEmptyUsername" duration-ms="383" started-at="2017-07-21T10:07:42Z" finished-at="2017-07-21T10:07:43Z">
          <reporter-output>
          </reporter-output>
        </test-method> <!-- testExecCreateUserEmptyUsername -->
        <test-method status="PASS" signature="beforeMethod()[pri:0, instance:com.preston.argiope.selenium.tests.user.UserCreate@2f01783a]" name="beforeMethod" is-config="true" duration-ms="116" started-at="2017-07-21T10:07:43Z" finished-at="2017-07-21T10:07:43Z">
          <reporter-output>
          </reporter-output>
        </test-method> <!-- beforeMethod -->
        <test-method status="PASS" signature="testExecCreateUserSuccessfully()[pri:0, instance:com.preston.argiope.selenium.tests.user.UserCreate@2f01783a]" name="testExecCreateUserSuccessfully" duration-ms="973" started-at="2017-07-21T10:07:43Z" finished-at="2017-07-21T10:07:44Z">
          <reporter-output>
          </reporter-output>
        </test-method> <!-- testExecCreateUserSuccessfully -->
      </class> <!-- com.preston.argiope.selenium.tests.user.UserCreate -->
      <class name="com.preston.argiope.selenium.tests.security.IpBlocking">
        <test-method status="PASS" signature="beforeClass()[pri:0, instance:com.preston.argiope.selenium.tests.security.IpBlocking@5f9edf14]" name="beforeClass" is-config="true" duration-ms="1" started-at="2017-07-21T10:07:07Z" finished-at="2017-07-21T10:07:07Z">
          <reporter-output>
          </reporter-output>
        </test-method> <!-- beforeClass -->
        <test-method status="PASS" signature="beforeMethod()[pri:0, instance:com.preston.argiope.selenium.tests.security.IpBlocking@5f9edf14]" name="beforeMethod" is-config="true" duration-ms="2199" started-at="2017-07-21T10:07:07Z" finished-at="2017-07-21T10:07:09Z">
          <reporter-output>
          </reporter-output>
        </test-method> <!-- beforeMethod -->
        <test-method status="PASS" signature="testFailedLoginAttemptsCounter()[pri:0, instance:com.preston.argiope.selenium.tests.security.IpBlocking@5f9edf14]" name="testFailedLoginAttemptsCounter" duration-ms="6920" started-at="2017-07-21T10:07:09Z" finished-at="2017-07-21T10:07:16Z">
          <reporter-output>
          </reporter-output>
        </test-method> <!-- testFailedLoginAttemptsCounter -->
        <test-method status="PASS" signature="beforeMethod()[pri:0, instance:com.preston.argiope.selenium.tests.security.IpBlocking@5f9edf14]" name="beforeMethod" is-config="true" duration-ms="994" started-at="2017-07-21T10:07:16Z" finished-at="2017-07-21T10:07:17Z">
          <reporter-output>
          </reporter-output>
        </test-method> <!-- beforeMethod -->
        <test-method status="PASS" signature="testFailedLoginAttemptsCounterReset()[pri:0, instance:com.preston.argiope.selenium.tests.security.IpBlocking@5f9edf14]" name="testFailedLoginAttemptsCounterReset" duration-ms="7068" started-at="2017-07-21T10:07:17Z" finished-at="2017-07-21T10:07:24Z">
          <reporter-output>
          </reporter-output>
        </test-method> <!-- testFailedLoginAttemptsCounterReset -->
        <test-method status="PASS" signature="beforeMethod()[pri:0, instance:com.preston.argiope.selenium.tests.security.IpBlocking@5f9edf14]" name="beforeMethod" is-config="true" duration-ms="294" started-at="2017-07-21T10:07:24Z" finished-at="2017-07-21T10:07:25Z">
          <reporter-output>
          </reporter-output>
        </test-method> <!-- beforeMethod -->
        <test-method status="PASS" signature="testIpBlockResetAfterCacheExpiration()[pri:0, instance:com.preston.argiope.selenium.tests.security.IpBlocking@5f9edf14]" name="testIpBlockResetAfterCacheExpiration" duration-ms="1" started-at="2017-07-21T10:07:25Z" finished-at="2017-07-21T10:07:25Z">
          <reporter-output>
          </reporter-output>
        </test-method> <!-- testIpBlockResetAfterCacheExpiration -->
        <test-method status="PASS" signature="beforeMethod()[pri:0, instance:com.preston.argiope.selenium.tests.security.IpBlocking@5f9edf14]" name="beforeMethod" is-config="true" duration-ms="1112" started-at="2017-07-21T10:07:25Z" finished-at="2017-07-21T10:07:26Z">
          <reporter-output>
          </reporter-output>
        </test-method> <!-- beforeMethod -->
        <test-method status="PASS" signature="testIpBlockedErrorMsg()[pri:0, instance:com.preston.argiope.selenium.tests.security.IpBlocking@5f9edf14]" name="testIpBlockedErrorMsg" duration-ms="6154" started-at="2017-07-21T10:07:26Z" finished-at="2017-07-21T10:07:32Z">
          <reporter-output>
          </reporter-output>
        </test-method> <!-- testIpBlockedErrorMsg -->
        <test-method status="PASS" signature="afterClass()[pri:0, instance:com.preston.argiope.selenium.tests.security.IpBlocking@5f9edf14]" name="afterClass" is-config="true" duration-ms="62" started-at="2017-07-21T10:07:32Z" finished-at="2017-07-21T10:07:32Z">
          <reporter-output>
          </reporter-output>
        </test-method> <!-- afterClass -->
      </class> <!-- com.preston.argiope.selenium.tests.security.IpBlocking -->
      <class name="com.preston.argiope.selenium.tests.user.UserDelete">
        <test-method status="PASS" signature="beforeMethod()[pri:0, instance:com.preston.argiope.selenium.tests.user.UserDelete@68878f6d]" name="beforeMethod" is-config="true" duration-ms="289" started-at="2017-07-21T10:07:44Z" finished-at="2017-07-21T10:07:44Z">
          <reporter-output>
          </reporter-output>
        </test-method> <!-- beforeMethod -->
        <test-method status="PASS" signature="testExecDeleteUserSuccessfully()[pri:0, instance:com.preston.argiope.selenium.tests.user.UserDelete@68878f6d]" name="testExecDeleteUserSuccessfully" duration-ms="349" started-at="2017-07-21T10:07:44Z" finished-at="2017-07-21T10:07:44Z">
          <reporter-output>
          </reporter-output>
        </test-method> <!-- testExecDeleteUserSuccessfully -->
      </class> <!-- com.preston.argiope.selenium.tests.user.UserDelete -->
      <class name="com.preston.argiope.selenium.tests.security.UnauthorizedNavigation">
        <test-method status="PASS" signature="beforeMethod()[pri:0, instance:com.preston.argiope.selenium.tests.security.UnauthorizedNavigation@68746f22]" name="beforeMethod" is-config="true" duration-ms="89" started-at="2017-07-21T10:07:37Z" finished-at="2017-07-21T10:07:37Z">
          <reporter-output>
          </reporter-output>
        </test-method> <!-- beforeMethod -->
        <test-method status="PASS" signature="testNavTo403()[pri:0, instance:com.preston.argiope.selenium.tests.security.UnauthorizedNavigation@68746f22]" name="testNavTo403" duration-ms="1" started-at="2017-07-21T10:07:37Z" finished-at="2017-07-21T10:07:37Z">
          <reporter-output>
          </reporter-output>
        </test-method> <!-- testNavTo403 -->
        <test-method status="PASS" signature="afterMethod()[pri:0, instance:com.preston.argiope.selenium.tests.security.UnauthorizedNavigation@68746f22]" name="afterMethod" is-config="true" duration-ms="120" started-at="2017-07-21T10:07:37Z" finished-at="2017-07-21T10:07:37Z">
          <reporter-output>
          </reporter-output>
        </test-method> <!-- afterMethod -->
        <test-method status="PASS" signature="beforeMethod()[pri:0, instance:com.preston.argiope.selenium.tests.security.UnauthorizedNavigation@68746f22]" name="beforeMethod" is-config="true" duration-ms="94" started-at="2017-07-21T10:07:37Z" finished-at="2017-07-21T10:07:37Z">
          <reporter-output>
          </reporter-output>
        </test-method> <!-- beforeMethod -->
        <test-method status="PASS" signature="testNavToAdmin()[pri:0, instance:com.preston.argiope.selenium.tests.security.UnauthorizedNavigation@68746f22]" name="testNavToAdmin" duration-ms="1" started-at="2017-07-21T10:07:37Z" finished-at="2017-07-21T10:07:37Z">
          <reporter-output>
          </reporter-output>
        </test-method> <!-- testNavToAdmin -->
        <test-method status="PASS" signature="afterMethod()[pri:0, instance:com.preston.argiope.selenium.tests.security.UnauthorizedNavigation@68746f22]" name="afterMethod" is-config="true" duration-ms="115" started-at="2017-07-21T10:07:37Z" finished-at="2017-07-21T10:07:37Z">
          <reporter-output>
          </reporter-output>
        </test-method> <!-- afterMethod -->
        <test-method status="PASS" signature="beforeMethod()[pri:0, instance:com.preston.argiope.selenium.tests.security.UnauthorizedNavigation@68746f22]" name="beforeMethod" is-config="true" duration-ms="86" started-at="2017-07-21T10:07:37Z" finished-at="2017-07-21T10:07:38Z">
          <reporter-output>
          </reporter-output>
        </test-method> <!-- beforeMethod -->
        <test-method status="PASS" signature="testNavToCreateUser()[pri:0, instance:com.preston.argiope.selenium.tests.security.UnauthorizedNavigation@68746f22]" name="testNavToCreateUser" duration-ms="1" started-at="2017-07-21T10:07:38Z" finished-at="2017-07-21T10:07:38Z">
          <reporter-output>
          </reporter-output>
        </test-method> <!-- testNavToCreateUser -->
        <test-method status="PASS" signature="afterMethod()[pri:0, instance:com.preston.argiope.selenium.tests.security.UnauthorizedNavigation@68746f22]" name="afterMethod" is-config="true" duration-ms="113" started-at="2017-07-21T10:07:38Z" finished-at="2017-07-21T10:07:38Z">
          <reporter-output>
          </reporter-output>
        </test-method> <!-- afterMethod -->
        <test-method status="PASS" signature="beforeMethod()[pri:0, instance:com.preston.argiope.selenium.tests.security.UnauthorizedNavigation@68746f22]" name="beforeMethod" is-config="true" duration-ms="100" started-at="2017-07-21T10:07:38Z" finished-at="2017-07-21T10:07:38Z">
          <reporter-output>
          </reporter-output>
        </test-method> <!-- beforeMethod -->
        <test-method status="PASS" signature="testNavToDeleteUser()[pri:0, instance:com.preston.argiope.selenium.tests.security.UnauthorizedNavigation@68746f22]" name="testNavToDeleteUser" duration-ms="1" started-at="2017-07-21T10:07:38Z" finished-at="2017-07-21T10:07:38Z">
          <reporter-output>
          </reporter-output>
        </test-method> <!-- testNavToDeleteUser -->
        <test-method status="PASS" signature="afterMethod()[pri:0, instance:com.preston.argiope.selenium.tests.security.UnauthorizedNavigation@68746f22]" name="afterMethod" is-config="true" duration-ms="102" started-at="2017-07-21T10:07:38Z" finished-at="2017-07-21T10:07:38Z">
          <reporter-output>
          </reporter-output>
        </test-method> <!-- afterMethod -->
        <test-method status="PASS" signature="beforeMethod()[pri:0, instance:com.preston.argiope.selenium.tests.security.UnauthorizedNavigation@68746f22]" name="beforeMethod" is-config="true" duration-ms="111" started-at="2017-07-21T10:07:38Z" finished-at="2017-07-21T10:07:38Z">
          <reporter-output>
          </reporter-output>
        </test-method> <!-- beforeMethod -->
        <test-method status="PASS" signature="testNavToDisplayUsers()[pri:0, instance:com.preston.argiope.selenium.tests.security.UnauthorizedNavigation@68746f22]" name="testNavToDisplayUsers" duration-ms="1" started-at="2017-07-21T10:07:38Z" finished-at="2017-07-21T10:07:38Z">
          <reporter-output>
          </reporter-output>
        </test-method> <!-- testNavToDisplayUsers -->
        <test-method status="PASS" signature="afterMethod()[pri:0, instance:com.preston.argiope.selenium.tests.security.UnauthorizedNavigation@68746f22]" name="afterMethod" is-config="true" duration-ms="117" started-at="2017-07-21T10:07:38Z" finished-at="2017-07-21T10:07:38Z">
          <reporter-output>
          </reporter-output>
        </test-method> <!-- afterMethod -->
        <test-method status="PASS" signature="beforeMethod()[pri:0, instance:com.preston.argiope.selenium.tests.security.UnauthorizedNavigation@68746f22]" name="beforeMethod" is-config="true" duration-ms="98" started-at="2017-07-21T10:07:38Z" finished-at="2017-07-21T10:07:38Z">
          <reporter-output>
          </reporter-output>
        </test-method> <!-- beforeMethod -->
        <test-method status="PASS" signature="testNavToIndex()[pri:0, instance:com.preston.argiope.selenium.tests.security.UnauthorizedNavigation@68746f22]" name="testNavToIndex" duration-ms="1" started-at="2017-07-21T10:07:38Z" finished-at="2017-07-21T10:07:38Z">
          <reporter-output>
          </reporter-output>
        </test-method> <!-- testNavToIndex -->
        <test-method status="PASS" signature="afterMethod()[pri:0, instance:com.preston.argiope.selenium.tests.security.UnauthorizedNavigation@68746f22]" name="afterMethod" is-config="true" duration-ms="118" started-at="2017-07-21T10:07:38Z" finished-at="2017-07-21T10:07:38Z">
          <reporter-output>
          </reporter-output>
        </test-method> <!-- afterMethod -->
        <test-method status="PASS" signature="beforeMethod()[pri:0, instance:com.preston.argiope.selenium.tests.security.UnauthorizedNavigation@68746f22]" name="beforeMethod" is-config="true" duration-ms="82" started-at="2017-07-21T10:07:38Z" finished-at="2017-07-21T10:07:38Z">
          <reporter-output>
          </reporter-output>
        </test-method> <!-- beforeMethod -->
        <test-method status="PASS" signature="testNavToLogin()[pri:0, instance:com.preston.argiope.selenium.tests.security.UnauthorizedNavigation@68746f22]" name="testNavToLogin" duration-ms="0" started-at="2017-07-21T10:07:38Z" finished-at="2017-07-21T10:07:38Z">
          <reporter-output>
          </reporter-output>
        </test-method> <!-- testNavToLogin -->
        <test-method status="PASS" signature="afterMethod()[pri:0, instance:com.preston.argiope.selenium.tests.security.UnauthorizedNavigation@68746f22]" name="afterMethod" is-config="true" duration-ms="122" started-at="2017-07-21T10:07:38Z" finished-at="2017-07-21T10:07:39Z">
          <reporter-output>
          </reporter-output>
        </test-method> <!-- afterMethod -->
        <test-method status="PASS" signature="beforeMethod()[pri:0, instance:com.preston.argiope.selenium.tests.security.UnauthorizedNavigation@68746f22]" name="beforeMethod" is-config="true" duration-ms="102" started-at="2017-07-21T10:07:39Z" finished-at="2017-07-21T10:07:39Z">
          <reporter-output>
          </reporter-output>
        </test-method> <!-- beforeMethod -->
        <test-method status="PASS" signature="testNavToLogout()[pri:0, instance:com.preston.argiope.selenium.tests.security.UnauthorizedNavigation@68746f22]" name="testNavToLogout" duration-ms="1" started-at="2017-07-21T10:07:39Z" finished-at="2017-07-21T10:07:39Z">
          <reporter-output>
          </reporter-output>
        </test-method> <!-- testNavToLogout -->
        <test-method status="PASS" signature="afterMethod()[pri:0, instance:com.preston.argiope.selenium.tests.security.UnauthorizedNavigation@68746f22]" name="afterMethod" is-config="true" duration-ms="86" started-at="2017-07-21T10:07:39Z" finished-at="2017-07-21T10:07:39Z">
          <reporter-output>
          </reporter-output>
        </test-method> <!-- afterMethod -->
      </class> <!-- com.preston.argiope.selenium.tests.security.UnauthorizedNavigation -->
      <class name="com.preston.argiope.selenium.tests.user.UserLogin">
        <test-method status="PASS" signature="beforeClass()[pri:0, instance:com.preston.argiope.selenium.tests.user.UserLogin@41488b16]" name="beforeClass" is-config="true" duration-ms="81" started-at="2017-07-21T10:07:32Z" finished-at="2017-07-21T10:07:32Z">
          <reporter-output>
          </reporter-output>
        </test-method> <!-- beforeClass -->
        <test-method status="PASS" signature="beforeMethod()[pri:0, instance:com.preston.argiope.selenium.tests.user.UserLogin@41488b16]" name="beforeMethod" is-config="true" duration-ms="109" started-at="2017-07-21T10:07:32Z" finished-at="2017-07-21T10:07:32Z">
          <reporter-output>
          </reporter-output>
        </test-method> <!-- beforeMethod -->
        <test-method status="PASS" signature="testExecLoginEmptyPassword()[pri:0, instance:com.preston.argiope.selenium.tests.user.UserLogin@41488b16]" name="testExecLoginEmptyPassword" duration-ms="515" started-at="2017-07-21T10:07:32Z" finished-at="2017-07-21T10:07:33Z">
          <reporter-output>
          </reporter-output>
        </test-method> <!-- testExecLoginEmptyPassword -->
        <test-method status="PASS" signature="beforeMethod()[pri:0, instance:com.preston.argiope.selenium.tests.user.UserLogin@41488b16]" name="beforeMethod" is-config="true" duration-ms="92" started-at="2017-07-21T10:07:33Z" finished-at="2017-07-21T10:07:33Z">
          <reporter-output>
          </reporter-output>
        </test-method> <!-- beforeMethod -->
        <test-method status="PASS" signature="testExecLoginEmptyUsername()[pri:0, instance:com.preston.argiope.selenium.tests.user.UserLogin@41488b16]" name="testExecLoginEmptyUsername" duration-ms="505" started-at="2017-07-21T10:07:33Z" finished-at="2017-07-21T10:07:33Z">
          <reporter-output>
          </reporter-output>
        </test-method> <!-- testExecLoginEmptyUsername -->
        <test-method status="PASS" signature="beforeMethod()[pri:0, instance:com.preston.argiope.selenium.tests.user.UserLogin@41488b16]" name="beforeMethod" is-config="true" duration-ms="113" started-at="2017-07-21T10:07:33Z" finished-at="2017-07-21T10:07:33Z">
          <reporter-output>
          </reporter-output>
        </test-method> <!-- beforeMethod -->
        <test-method status="PASS" signature="testExecLoginEmptyUsernameEmptyPassword()[pri:0, instance:com.preston.argiope.selenium.tests.user.UserLogin@41488b16]" name="testExecLoginEmptyUsernameEmptyPassword" duration-ms="460" started-at="2017-07-21T10:07:33Z" finished-at="2017-07-21T10:07:34Z">
          <reporter-output>
          </reporter-output>
        </test-method> <!-- testExecLoginEmptyUsernameEmptyPassword -->
        <test-method status="PASS" signature="beforeMethod()[pri:0, instance:com.preston.argiope.selenium.tests.user.UserLogin@41488b16]" name="beforeMethod" is-config="true" duration-ms="112" started-at="2017-07-21T10:07:34Z" finished-at="2017-07-21T10:07:34Z">
          <reporter-output>
          </reporter-output>
        </test-method> <!-- beforeMethod -->
        <test-method status="PASS" signature="testExecLoginInvalidCredentials()[pri:0, instance:com.preston.argiope.selenium.tests.user.UserLogin@41488b16]" name="testExecLoginInvalidCredentials" duration-ms="541" started-at="2017-07-21T10:07:34Z" finished-at="2017-07-21T10:07:34Z">
          <reporter-output>
          </reporter-output>
        </test-method> <!-- testExecLoginInvalidCredentials -->
        <test-method status="PASS" signature="beforeMethod()[pri:0, instance:com.preston.argiope.selenium.tests.user.UserLogin@41488b16]" name="beforeMethod" is-config="true" duration-ms="97" started-at="2017-07-21T10:07:34Z" finished-at="2017-07-21T10:07:35Z">
          <reporter-output>
          </reporter-output>
        </test-method> <!-- beforeMethod -->
        <test-method status="PASS" signature="testExecLoginValidCredentials()[pri:0, instance:com.preston.argiope.selenium.tests.user.UserLogin@41488b16]" name="testExecLoginValidCredentials" duration-ms="520" started-at="2017-07-21T10:07:35Z" finished-at="2017-07-21T10:07:35Z">
          <reporter-output>
          </reporter-output>
        </test-method> <!-- testExecLoginValidCredentials -->
        <test-method status="PASS" signature="beforeMethod()[pri:0, instance:com.preston.argiope.selenium.tests.user.UserLogin@41488b16]" name="beforeMethod" is-config="true" duration-ms="251" started-at="2017-07-21T10:07:35Z" finished-at="2017-07-21T10:07:35Z">
          <reporter-output>
          </reporter-output>
        </test-method> <!-- beforeMethod -->
        <test-method status="PASS" signature="testLogout()[pri:0, instance:com.preston.argiope.selenium.tests.user.UserLogin@41488b16]" name="testLogout" duration-ms="687" started-at="2017-07-21T10:07:35Z" finished-at="2017-07-21T10:07:36Z">
          <reporter-output>
          </reporter-output>
        </test-method> <!-- testLogout -->
        <test-method status="PASS" signature="beforeMethod()[pri:0, instance:com.preston.argiope.selenium.tests.user.UserLogin@41488b16]" name="beforeMethod" is-config="true" duration-ms="113" started-at="2017-07-21T10:07:36Z" finished-at="2017-07-21T10:07:36Z">
          <reporter-output>
          </reporter-output>
        </test-method> <!-- beforeMethod -->
        <test-method status="PASS" signature="testNavToLoginPageAuth()[pri:0, instance:com.preston.argiope.selenium.tests.user.UserLogin@41488b16]" name="testNavToLoginPageAuth" duration-ms="693" started-at="2017-07-21T10:07:36Z" finished-at="2017-07-21T10:07:37Z">
          <reporter-output>
          </reporter-output>
        </test-method> <!-- testNavToLoginPageAuth -->
        <test-method status="PASS" signature="beforeMethod()[pri:0, instance:com.preston.argiope.selenium.tests.user.UserLogin@41488b16]" name="beforeMethod" is-config="true" duration-ms="252" started-at="2017-07-21T10:07:37Z" finished-at="2017-07-21T10:07:37Z">
          <reporter-output>
          </reporter-output>
        </test-method> <!-- beforeMethod -->
        <test-method status="PASS" signature="testNavToLoginPageUnauth()[pri:0, instance:com.preston.argiope.selenium.tests.user.UserLogin@41488b16]" name="testNavToLoginPageUnauth" duration-ms="17" started-at="2017-07-21T10:07:37Z" finished-at="2017-07-21T10:07:37Z">
          <reporter-output>
          </reporter-output>
        </test-method> <!-- testNavToLoginPageUnauth -->
      </class> <!-- com.preston.argiope.selenium.tests.user.UserLogin -->
      <class name="com.preston.argiope.selenium.app.TestConfig">
        <test-method status="PASS" signature="init(org.testng.ITestContext)[pri:0, instance:com.preston.argiope.selenium.app.TestConfig@7d322cad]" name="init" is-config="true" duration-ms="1551" started-at="2017-07-21T10:07:05Z" finished-at="2017-07-21T10:07:07Z">
          <params>
            <param index="0">
              <value>
                <![CDATA[org.testng.TestRunner@332a7fce]]>
              </value>
            </param>
          </params>
          <reporter-output>
          </reporter-output>
        </test-method> <!-- init -->
        <test-method status="PASS" signature="close()[pri:0, instance:com.preston.argiope.selenium.app.TestConfig@7d322cad]" name="close" is-config="true" duration-ms="819" started-at="2017-07-21T10:07:44Z" finished-at="2017-07-21T10:07:45Z">
          <reporter-output>
          </reporter-output>
        </test-method> <!-- close -->
      </class> <!-- com.preston.argiope.selenium.app.TestConfig -->
    </test> <!-- MasterTest -->
  </suite> <!-- ArgiopeMasterSuite -->
</testng-results>
